# JRE version: OpenJDK Runtime Environment (11.0.2+9) (build 11.0.2+9)
# Java VM: OpenJDK 64-Bit Server VM (11.0.2+9, mixed mode, tiered, compressed oops, g1 gc, windows-amd64)
Heap:
 garbage-first heap   total 189440K, used 120821K [0x0000000740000000, 0x0000000800000000)
  region size 1024K, 35 young (35840K), 2 survivors (2048K)
 Metaspace       used 96111K, capacity 98708K, committed 98952K, reserved 1134592K
  class space    used 13003K, capacity 14171K, committed 14208K, reserved 1048576K
GC Heap History (10 events):
Event: 821.661 GC heap before
{Heap before GC invocations=359 (full 94):
 garbage-first heap   total 189440K, used 147475K [0x0000000740000000, 0x0000000800000000)
  region size 1024K, 60 young (61440K), 2 survivors (2048K)
 Metaspace       used 95990K, capacity 98644K, committed 98696K, reserved 1134592K
  class space    used 12995K, capacity 14171K, committed 14208K, reserved 1048576K
}
Event: 821.663 GC heap after
{Heap after GC invocations=360 (full 94):
 garbage-first heap   total 189440K, used 87913K [0x0000000740000000, 0x0000000800000000)
  region size 1024K, 1 young (1024K), 1 survivors (1024K)
 Metaspace       used 95990K, capacity 98644K, committed 98696K, reserved 1134592K
  class space    used 12995K, capacity 14171K, committed 14208K, reserved 1048576K
}
Event: 823.635 GC heap before
{Heap before GC invocations=360 (full 94):
 garbage-first heap   total 189440K, used 148329K [0x0000000740000000, 0x0000000800000000)
  region size 1024K, 60 young (61440K), 1 survivors (1024K)
 Metaspace       used 95996K, capacity 98644K, committed 98696K, reserved 1134592K
  class space    used 12995K, capacity 14171K, committed 14208K, reserved 1048576K
}
Event: 823.637 GC heap after
{Heap after GC invocations=361 (full 94):
 garbage-first heap   total 189440K, used 87934K [0x0000000740000000, 0x0000000800000000)
  region size 1024K, 1 young (1024K), 1 survivors (1024K)
 Metaspace       used 95996K, capacity 98644K, committed 98696K, reserved 1134592K
  class space    used 12995K, capacity 14171K, committed 14208K, reserved 1048576K
}
Event: 825.238 GC heap before
{Heap before GC invocations=362 (full 94):
 garbage-first heap   total 189440K, used 148350K [0x0000000740000000, 0x0000000800000000)
  region size 1024K, 60 young (61440K), 1 survivors (1024K)
 Metaspace       used 96029K, capacity 98644K, committed 98696K, reserved 1134592K
  class space    used 12995K, capacity 14171K, committed 14208K, reserved 1048576K
}
Event: 825.240 GC heap after
{Heap after GC invocations=363 (full 94):
 garbage-first heap   total 189440K, used 87998K [0x0000000740000000, 0x0000000800000000)
  region size 1024K, 2 young (2048K), 2 survivors (2048K)
 Metaspace       used 96029K, capacity 98644K, committed 98696K, reserved 1134592K
  class space    used 12995K, capacity 14171K, committed 14208K, reserved 1048576K
}
Event: 826.436 GC heap before
{Heap before GC invocations=363 (full 94):
 garbage-first heap   total 189440K, used 147390K [0x0000000740000000, 0x0000000800000000)
  region size 1024K, 60 young (61440K), 2 survivors (2048K)
 Metaspace       used 96060K, capacity 98644K, committed 98696K, reserved 1134592K
  class space    used 12995K, capacity 14171K, committed 14208K, reserved 1048576K
}
Event: 826.438 GC heap after
{Heap after GC invocations=364 (full 94):
 garbage-first heap   total 189440K, used 88207K [0x0000000740000000, 0x0000000800000000)
  region size 1024K, 2 young (2048K), 2 survivors (2048K)
 Metaspace       used 96060K, capacity 98644K, committed 98696K, reserved 1134592K
  class space    used 12995K, capacity 14171K, committed 14208K, reserved 1048576K
}
Event: 826.727 GC heap before
{Heap before GC invocations=365 (full 94):
 garbage-first heap   total 189440K, used 147599K [0x0000000740000000, 0x0000000800000000)
  region size 1024K, 60 young (61440K), 2 survivors (2048K)
 Metaspace       used 96086K, capacity 98708K, committed 98952K, reserved 1134592K
  class space    used 12995K, capacity 14171K, committed 14208K, reserved 1048576K
}
Event: 826.728 GC heap after
{Heap after GC invocations=366 (full 94):
 garbage-first heap   total 189440K, used 88053K [0x0000000740000000, 0x0000000800000000)
  region size 1024K, 2 young (2048K), 2 survivors (2048K)
 Metaspace       used 96086K, capacity 98708K, committed 98952K, reserved 1134592K
  class space    used 12995K, capacity 14171K, committed 14208K, reserved 1048576K
}

